<?xml version="1.0" encoding="UTF-8"?>
<!-- Generated by org.testng.reporters.JUnitReportReporter -->
<testsuite hostname="ICE-PC" name="Contacts" tests="1" failures="0" timestamp="24 Jul 2019 06:10:18 GMT" time="6.239" errors="0">
  <testcase name="verifyImagePresent" time="6.239" classname="Contacts"/>
</testsuite> <!-- Contacts -->
