<?xml version="1.0" encoding="UTF-8"?>
<!-- Generated by org.testng.reporters.JUnitReportReporter -->
<testsuite hostname="ICE-PC" name="LoginPageTest" tests="1" failures="0" timestamp="24 Jul 2019 09:24:46 GMT" time="7.229" errors="0">
  <testcase name="verifyFacebookLink" time="7.229" classname="LoginPageTest"/>
</testsuite> <!-- LoginPageTest -->
