<?xml version="1.0" encoding="UTF-8"?>
<!-- Generated by org.testng.reporters.JUnitReportReporter -->
<testsuite hostname="ICE-PC" name="HomePageTest" tests="1" failures="0" timestamp="25 Jul 2019 03:32:34 GMT" time="5.546" errors="0">
  <testcase name="check_Button_color" time="5.546" classname="HomePageTest"/>
</testsuite> <!-- HomePageTest -->
