<?xml version="1.0" encoding="UTF-8"?>
<!-- Generated by org.testng.reporters.JUnitReportReporter -->
<testsuite hostname="ICE-PC" name="RegisterNewStudentTest" tests="1" failures="0" timestamp="24 Jul 2019 07:57:41 GMT" time="8.558" errors="0">
  <testcase name="verifyPageTitle" time="8.558" classname="RegisterNewStudentTest"/>
</testsuite> <!-- RegisterNewStudentTest -->
