<?xml version="1.0" encoding="UTF-8"?>
<!-- Generated by org.testng.reporters.JUnitReportReporter -->
<testsuite hostname="ICE-PC" name="JavaPageTest" tests="1" failures="0" timestamp="23 Jul 2019 07:47:47 GMT" time="10.404" errors="0">
  <testcase name="verifyLogo" time="10.404" classname="JavaPageTest"/>
</testsuite> <!-- JavaPageTest -->
