<?xml version="1.0" encoding="UTF-8"?>
<!-- Generated by org.testng.reporters.JUnitReportReporter -->
<testsuite hostname="ICE-PC" name="VideosTest" tests="1" failures="0" timestamp="23 Jul 2019 09:00:28 GMT" time="21.230" errors="0">
  <testcase name="searchTest" time="21.230" classname="VideosTest"/>
</testsuite> <!-- VideosTest -->
