<?xml version="1.0" encoding="UTF-8"?>
<!-- Generated by org.testng.reporters.JUnitReportReporter -->
<testsuite hostname="ICE-PC" name="Servicestest" tests="1" failures="0" timestamp="23 Jul 2019 10:02:31 GMT" time="6.151" errors="0">
  <testcase name="verifyFacebookIcon" time="6.151" classname="Servicestest"/>
</testsuite> <!-- Servicestest -->
