<?xml version="1.0" encoding="UTF-8"?>
<!-- Generated by org.testng.reporters.JUnitReportReporter -->
<testsuite hostname="ICE-PC" name="SeleniumTest" tests="1" failures="0" timestamp="23 Jul 2019 08:02:00 GMT" time="5.327" errors="0">
  <testcase name="verifyDownloading" time="5.327" classname="SeleniumTest"/>
</testsuite> <!-- SeleniumTest -->
